[debug] [2026-06-18T04:08:33.730Z] ----------------------------------------------------------------------
[debug] [2026-06-18T04:08:33.731Z] Command:       /Users/cjmac/.nvm/versions/node/v24.11.0/bin/node /Users/cjmac/.npm/_npx/ba4f1959e38407b5/node_modules/.bin/firebase init hosting:github
[debug] [2026-06-18T04:08:33.731Z] CLI Version:   15.21.0
[debug] [2026-06-18T04:08:33.731Z] Platform:      darwin
[debug] [2026-06-18T04:08:33.731Z] Node Version:  v24.11.0
[debug] [2026-06-18T04:08:33.731Z] Detected Agent: unknown
[debug] [2026-06-18T04:08:33.731Z] Time:          Thu Jun 18 2026 13:08:33 GMT+0900 (Korean Standard Time)
[debug] [2026-06-18T04:08:33.731Z] ----------------------------------------------------------------------
[debug] 
[debug] [2026-06-18T04:08:33.732Z] >>> [apiv2][query] GET https://firebase-public.firebaseio.com/cli.json [none]
[info] 
     ######## #### ########  ######## ########     ###     ######  ########
     ##        ##  ##     ## ##       ##     ##  ##   ##  ##       ##
     ######    ##  ########  ######   ########  #########  ######  ######
     ##        ##  ##    ##  ##       ##     ## ##     ##       ## ##
     ##       #### ##     ## ######## ########  ##     ##  ######  ########

You're about to initialize a Firebase project in this directory:

  /Users/cjmac/project/genie/playground

Before we get started, keep in mind:

  * You are initializing within an existing Firebase project directory

[info] 
=== Project Setup
[info] 
[info] First, let's associate this project directory with a Firebase project.
[info] You can create multiple project aliases by running firebase use --add, 
[info] 
[debug] [2026-06-18T04:08:34.703Z] <<< [apiv2][status] GET https://firebase-public.firebaseio.com/cli.json 200
[debug] [2026-06-18T04:08:34.703Z] <<< [apiv2][body] GET https://firebase-public.firebaseio.com/cli.json {"cloudBuildErrorAfter":1594252800000,"cloudBuildWarnAfter":1590019200000,"defaultNode10After":1594252800000,"minVersion":"3.0.5","node8DeploysDisabledAfter":1613390400000,"node8RuntimeDisabledAfter":1615809600000,"node8WarnAfter":1600128000000}
[debug] [2026-06-18T04:08:36.070Z] > command requires scopes: ["email","openid","https://www.googleapis.com/auth/cloudplatformprojects.readonly","https://www.googleapis.com/auth/firebase","https://www.googleapis.com/auth/cloud-platform"]
[debug] [2026-06-18T04:08:36.070Z] > authorizing via signed-in user (icemonk1202@gmail.com)
[debug] [2026-06-18T04:08:36.071Z] Checked if tokens are valid: false, expires at: 1780556196229
[debug] [2026-06-18T04:08:36.071Z] Checked if tokens are valid: false, expires at: 1780556196229
[debug] [2026-06-18T04:08:36.071Z] > refreshing access token with scopes: []
[debug] [2026-06-18T04:08:36.072Z] >>> [apiv2][query] POST https://www.googleapis.com/oauth2/v3/token [none]
[debug] [2026-06-18T04:08:36.072Z] >>> [apiv2][body] POST https://www.googleapis.com/oauth2/v3/token [omitted]
[debug] [2026-06-18T04:08:36.437Z] <<< [apiv2][status] POST https://www.googleapis.com/oauth2/v3/token 200
[debug] [2026-06-18T04:08:36.437Z] <<< [apiv2][body] POST https://www.googleapis.com/oauth2/v3/token [omitted]
[debug] [2026-06-18T04:08:36.456Z] >>> [apiv2][query] GET https://firebase.googleapis.com/v1beta1/projects pageSize=100
[debug] [2026-06-18T04:08:37.360Z] <<< [apiv2][status] GET https://firebase.googleapis.com/v1beta1/projects 200
[debug] [2026-06-18T04:08:37.360Z] <<< [apiv2][body] GET https://firebase.googleapis.com/v1beta1/projects [omitted]
[debug] [2026-06-18T04:09:00.954Z] ExitPromptError: User force closed the prompt with SIGINT
    at Interface.sigint (/Users/cjmac/.npm/_npx/ba4f1959e38407b5/node_modules/@inquirer/core/dist/commonjs/lib/create-prompt.js:101:37)
    at Interface.emit (node:events:508:28)
    at [_ttyWrite] [as _ttyWrite] (node:internal/readline/interface:1317:18)
    at ReadStream.onkeypress (node:internal/readline/interface:284:20)
    at ReadStream.emit (node:events:520:35)
    at emitKeys (node:internal/readline/utils:371:14)
    at emitKeys.next (<anonymous>)
    at ReadStream.onData (node:internal/readline/emitKeypressEvents:64:36)
    at ReadStream.emit (node:events:508:28)
    at addChunk (node:internal/streams/readable:559:12)
[error] 
[error] Error: An unexpected error has occurred.
[debug] [2026-06-18T04:35:21.529Z] ----------------------------------------------------------------------
[debug] [2026-06-18T04:35:21.531Z] Command:       /Users/cjmac/.nvm/versions/node/v24.11.0/bin/node /Users/cjmac/.npm/_npx/ba4f1959e38407b5/node_modules/.bin/firebase init hosting:github
[debug] [2026-06-18T04:35:21.531Z] CLI Version:   15.21.0
[debug] [2026-06-18T04:35:21.531Z] Platform:      darwin
[debug] [2026-06-18T04:35:21.531Z] Node Version:  v24.11.0
[debug] [2026-06-18T04:35:21.531Z] Detected Agent: unknown
[debug] [2026-06-18T04:35:21.531Z] Time:          Thu Jun 18 2026 13:35:21 GMT+0900 (Korean Standard Time)
[debug] [2026-06-18T04:35:21.531Z] ----------------------------------------------------------------------
[debug] 
[info] 
     ######## #### ########  ######## ########     ###     ######  ########
     ##        ##  ##     ## ##       ##     ##  ##   ##  ##       ##
     ######    ##  ########  ######   ########  #########  ######  ######
     ##        ##  ##    ##  ##       ##     ## ##     ##       ## ##
     ##       #### ##     ## ######## ########  ##     ##  ######  ########

You're about to initialize a Firebase project in this directory:

  /Users/cjmac/project/genie/playground

Before we get started, keep in mind:

  * You are initializing within an existing Firebase project directory

[info] 
=== Project Setup
[info] 
[info] First, let's associate this project directory with a Firebase project.
[info] You can create multiple project aliases by running firebase use --add, 
[info] 
[debug] [2026-06-18T04:35:32.147Z] > command requires scopes: ["email","openid","https://www.googleapis.com/auth/cloudplatformprojects.readonly","https://www.googleapis.com/auth/firebase","https://www.googleapis.com/auth/cloud-platform"]
[debug] [2026-06-18T04:35:32.147Z] > authorizing via signed-in user (icemonk1202@gmail.com)
[debug] [2026-06-18T04:35:32.149Z] Checked if tokens are valid: true, expires at: 1781759315438
[debug] [2026-06-18T04:35:32.149Z] Checked if tokens are valid: true, expires at: 1781759315438
[debug] [2026-06-18T04:35:32.151Z] >>> [apiv2][query] GET https://firebase.googleapis.com/v1beta1/availableProjects pageSize=100
[debug] [2026-06-18T04:35:33.002Z] <<< [apiv2][status] GET https://firebase.googleapis.com/v1beta1/availableProjects 200
[debug] [2026-06-18T04:35:33.003Z] <<< [apiv2][body] GET https://firebase.googleapis.com/v1beta1/availableProjects [omitted]
[debug] [2026-06-18T04:35:38.049Z] ExitPromptError: User force closed the prompt with SIGINT
    at Interface.sigint (/Users/cjmac/.npm/_npx/ba4f1959e38407b5/node_modules/@inquirer/core/dist/commonjs/lib/create-prompt.js:101:37)
    at Interface.emit (node:events:508:28)
    at [_ttyWrite] [as _ttyWrite] (node:internal/readline/interface:1317:18)
    at ReadStream.onkeypress (node:internal/readline/interface:284:20)
    at ReadStream.emit (node:events:520:35)
    at emitKeys (node:internal/readline/utils:371:14)
    at emitKeys.next (<anonymous>)
    at ReadStream.onData (node:internal/readline/emitKeypressEvents:64:36)
    at ReadStream.emit (node:events:508:28)
    at addChunk (node:internal/streams/readable:559:12)
[error] 
[error] Error: An unexpected error has occurred.
[debug] [2026-06-18T04:35:39.928Z] ----------------------------------------------------------------------
[debug] [2026-06-18T04:35:39.929Z] Command:       /Users/cjmac/.nvm/versions/node/v24.11.0/bin/node /Users/cjmac/.npm/_npx/ba4f1959e38407b5/node_modules/.bin/firebase init hosting:github
[debug] [2026-06-18T04:35:39.929Z] CLI Version:   15.21.0
[debug] [2026-06-18T04:35:39.930Z] Platform:      darwin
[debug] [2026-06-18T04:35:39.930Z] Node Version:  v24.11.0
[debug] [2026-06-18T04:35:39.930Z] Detected Agent: unknown
[debug] [2026-06-18T04:35:39.930Z] Time:          Thu Jun 18 2026 13:35:39 GMT+0900 (Korean Standard Time)
[debug] [2026-06-18T04:35:39.930Z] ----------------------------------------------------------------------
[debug] 
[info] 
     ######## #### ########  ######## ########     ###     ######  ########
     ##        ##  ##     ## ##       ##     ##  ##   ##  ##       ##
     ######    ##  ########  ######   ########  #########  ######  ######
     ##        ##  ##    ##  ##       ##     ## ##     ##       ## ##
     ##       #### ##     ## ######## ########  ##     ##  ######  ########

You're about to initialize a Firebase project in this directory:

  /Users/cjmac/project/genie/playground

Before we get started, keep in mind:

  * You are initializing within an existing Firebase project directory

[info] 
=== Project Setup
[info] 
[info] First, let's associate this project directory with a Firebase project.
[info] You can create multiple project aliases by running firebase use --add, 
[info] 
[info] i  If you want to create a project in a Google Cloud organization or folder, please use "firebase projects:create" instead, and return to this command when you've created the project. 
[debug] [2026-06-18T04:35:41.412Z] > command requires scopes: ["email","openid","https://www.googleapis.com/auth/cloudplatformprojects.readonly","https://www.googleapis.com/auth/firebase","https://www.googleapis.com/auth/cloud-platform"]
[debug] [2026-06-18T04:35:41.413Z] > authorizing via signed-in user (icemonk1202@gmail.com)
[debug] [2026-06-18T04:35:49.248Z] Checked if tokens are valid: true, expires at: 1781759315438
[debug] [2026-06-18T04:35:49.248Z] Checked if tokens are valid: true, expires at: 1781759315438
[debug] [2026-06-18T04:35:49.251Z] >>> [apiv2][query] POST https://firebase.googleapis.com/v1/projects:checkProjectId [none]
[debug] [2026-06-18T04:35:49.251Z] >>> [apiv2][body] POST https://firebase.googleapis.com/v1/projects:checkProjectId {"proposedId":"playground"}
[debug] [2026-06-18T04:35:50.046Z] <<< [apiv2][status] POST https://firebase.googleapis.com/v1/projects:checkProjectId 200
[debug] [2026-06-18T04:35:50.046Z] <<< [apiv2][body] POST https://firebase.googleapis.com/v1/projects:checkProjectId {"projectIdStatus":"PROJECT_ID_UNAVAILABLE","suggestedProjectId":"playground-a843d"}
[debug] [2026-06-18T04:35:56.892Z] Checked if tokens are valid: true, expires at: 1781759315438
[debug] [2026-06-18T04:35:56.893Z] Checked if tokens are valid: true, expires at: 1781759315438
[debug] [2026-06-18T04:35:56.894Z] >>> [apiv2][query] POST https://firebase.googleapis.com/v1/projects:checkProjectId [none]
[debug] [2026-06-18T04:35:56.894Z] >>> [apiv2][body] POST https://firebase.googleapis.com/v1/projects:checkProjectId {"proposedId":"playground-minthold"}
[debug] [2026-06-18T04:35:57.439Z] <<< [apiv2][status] POST https://firebase.googleapis.com/v1/projects:checkProjectId 200
[debug] [2026-06-18T04:35:57.440Z] <<< [apiv2][body] POST https://firebase.googleapis.com/v1/projects:checkProjectId {"projectIdStatus":"PROJECT_ID_AVAILABLE","suggestedProjectId":"playground-minthold"}
[debug] [2026-06-18T04:36:07.967Z] Checked if tokens are valid: true, expires at: 1781759315438
[debug] [2026-06-18T04:36:07.968Z] Checked if tokens are valid: true, expires at: 1781759315438
[debug] [2026-06-18T04:36:07.968Z] >>> [apiv2][query] POST https://cloudresourcemanager.googleapis.com/v1/projects [none]
[debug] [2026-06-18T04:36:07.968Z] >>> [apiv2][body] POST https://cloudresourcemanager.googleapis.com/v1/projects {"projectId":"playground-minthold","name":"Playground"}
[debug] [2026-06-18T04:36:08.911Z] <<< [apiv2][status] POST https://cloudresourcemanager.googleapis.com/v1/projects 200
[debug] [2026-06-18T04:36:08.911Z] <<< [apiv2][body] POST https://cloudresourcemanager.googleapis.com/v1/projects {"name":"operations/create_project.global.8901616329384702518"}
[debug] [2026-06-18T04:36:08.913Z] Checked if tokens are valid: true, expires at: 1781759315438
[debug] [2026-06-18T04:36:08.913Z] Checked if tokens are valid: true, expires at: 1781759315438
[debug] [2026-06-18T04:36:08.913Z] >>> [apiv2][query] GET https://cloudresourcemanager.googleapis.com/v1/operations/create_project.global.8901616329384702518 [none]
[debug] [2026-06-18T04:36:09.821Z] <<< [apiv2][status] GET https://cloudresourcemanager.googleapis.com/v1/operations/create_project.global.8901616329384702518 200
[debug] [2026-06-18T04:36:09.821Z] <<< [apiv2][body] GET https://cloudresourcemanager.googleapis.com/v1/operations/create_project.global.8901616329384702518 {"name":"operations/create_project.global.8901616329384702518","metadata":{"@type":"type.googleapis.com/google.cloudresourcemanager.v1.ProjectCreationStatus","ready":true},"done":true,"error":{"code":8,"message":"The project cannot be created because you have exceeded your allotted project quota.","details":[{"@type":"type.googleapis.com/google.rpc.QuotaFailure","violations":[{"description":"The project cannot be created because you have exceeded your allotted project quota."}]}]}}
[debug] [2026-06-18T04:36:09.824Z] FirebaseError: The project cannot be created because you have exceeded your allotted project quota.
    at OperationPoller.poll (/Users/cjmac/.npm/_npx/ba4f1959e38407b5/node_modules/firebase-tools/lib/operation-poller.js:25:19)
    at process.processTicksAndRejections (node:internal/process/task_queues:105:5)
    at async createCloudProject (/Users/cjmac/.npm/_npx/ba4f1959e38407b5/node_modules/firebase-tools/lib/management/projects.js:237:29)
    at async createFirebaseProjectAndLog (/Users/cjmac/.npm/_npx/ba4f1959e38407b5/node_modules/firebase-tools/lib/management/projects.js:102:9)
    at async Object.doSetup (/Users/cjmac/.npm/_npx/ba4f1959e38407b5/node_modules/firebase-tools/lib/init/features/project.js:64:24)
    at async init (/Users/cjmac/.npm/_npx/ba4f1959e38407b5/node_modules/firebase-tools/lib/init/index.js:98:13)
    at async Command.initAction [as actionFn] (/Users/cjmac/.npm/_npx/ba4f1959e38407b5/node_modules/firebase-tools/lib/commands/init.js:232:5)
[error] 
[error] Error: Failed to create project. See firebase-debug.log for more info.
